Arguments: 
  C:\Program Files\nodejs\node.exe C:\Users\will\AppData\Roaming\npm\node_modules\yarn\bin\yarn.js

PATH: 
  C:\Windows\system32;C:\Windows;C:\Windows\System32\Wbem;C:\Windows\System32\WindowsPowerShell\v1.0\;C:\Windows\System32\OpenSSH\;C:\Program Files\NVIDIA Corporation\NVIDIA NvDLISR;C:\Program Files (x86)\NVIDIA Corporation\PhysX\Common;C:\Program Files\PuTTY\;C:\Program Files\nodejs\;C:\Program Files\Git\cmd;C:\Program Files\Tailscale\;C:\Users\will\AppData\Local\Programs\Python\Launcher\;C:\Users\will\AppData\Local\Microsoft\WindowsApps;C:\Users\will\AppData\Roaming\npm;C:\Users\will\AppData\Local\Programs\Microsoft VS Code\bin;C:\Users\will\AppData\Local\GitHubDesktop\bin

Yarn version: 
  1.22.19

Node version: 
  21.0.0

Platform: 
  win32 x64

Trace: 
  Error: EPERM: operation not permitted, unlink 'C:\Users\will\Documents\GitHub\hintable\node_modules\@esbuild\win32-x64\esbuild.exe'

npm manifest: 
  {
  	"name": "hintable",
  	"version": "0.0.1",
  	"private": true,
  	"scripts": {
  		"dev": "vite dev",
  		"build": "vite build",
  		"preview": "vite preview",
  		"test": "playwright test",
  		"check": "svelte-kit sync && svelte-check --tsconfig ./tsconfig.json",
  		"check:watch": "svelte-kit sync && svelte-check --tsconfig ./tsconfig.json --watch",
  		"test:unit": "vitest",
  		"lint": "prettier --plugin-search-dir . --check . && eslint .",
  		"format": "prettier --plugin-search-dir . --write ."
  	},
  	"devDependencies": {
  		"@playwright/test": "^1.28.1",
  		"@sveltejs/adapter-auto": "^2.0.0",
  		"@sveltejs/kit": "^1.5.0",
  		"@typescript-eslint/eslint-plugin": "^5.45.0",
  		"@typescript-eslint/parser": "^5.45.0",
  		"eslint": "^8.28.0",
  		"eslint-config-prettier": "^8.5.0",
  		"eslint-plugin-svelte3": "^4.0.0",
  		"prettier": "^2.8.0",
  		"prettier-plugin-svelte": "^2.8.1",
  		"svelte": "^3.54.0",
  		"svelte-check": "^3.0.1",
  		"tslib": "^2.4.1",
  		"typescript": "^4.9.3",
  		"vite": "^4.0.0",
  		"vitest": "^0.25.3",
  		"@fontsource-variable/montserrat": "^5.0.16",
  		"@fortawesome/free-brands-svg-icons": "^6.4.2",
  		"@fortawesome/free-regular-svg-icons": "^6.4.2",
  		"@fortawesome/free-solid-svg-icons": "^6.4.2",
  		"@sveltejs/adapter-static": "^2.0.1",
  		"svelte-confetti": "^1.3.1",
  		"svelte-fa": "^3.0.4",
  		"svelte-persisted-store": "^0.7.0"
  	},
  	"type": "module"
  }

yarn manifest: 
  No manifest

Lockfile: 
  No lockfile
